11100
01200
01222
00200
00000

11100
01000
21000
22200
20000

11100
01000
01200
00222
00200

01110
00100
20100
22200
20000

01110
00100
02100
02220
02000

00111
00010
02010
02220
02000

00111
00010
00210
00222
00200

00000
11100
01200
01222
00200

00100
00100
21110
22200
20000

00010
00010
02111
02220
02000

00200
01222
01200
11100
00000

00000
00200
01222
01200
11100

00100
00100
21110
22200
20000

00010
00010
02111
02220
02000

00200
01222
01200
11100
00000

00000
00200
01222
01200
11100

10000
11100
10000
00000
00000

10222
11120
13020
03330
03000

10222
11120
10320
00333
00300

10000
11100
12000
02220
02000

10000
11100
10200
00222
00200

01000
01110
01000
00000
00000

01000
01110
01200
00222
00200

00100
00111
00100
00000
00000

00000
10000
11100
10000
00000

00000
01000
01110
01000
00000

00000
00100
00111
00100
00000

00000
00000
10000
11100
10000

00000
00000
01000
01110
01000

00000
00000
00100
00111
00100

3
AAA..
.ACCC
.ABC.
..BC.
.BBB.
