2
6
25
39
44
63
76
82
101
113
120
139
150
158
177
187
196
215
224
234
253
261
272
291
298
310
329
335
348
367
372
386
405
409
424
443
446
462
481
483
500
519
520
538
557
557
576
594
595
614
631
633
652
668
671
690
705
709
728
742
747
766
779
785
804
816
823
842
853
861
880
890
899
918
927
937
956
964
975
994
1001
1013
1032
1038
1051
1070
1075
1089
1108
1112
1127
1146
1149
1165
1184
1186
1203
1222
1223
1241
