15623.71
15887.90
23234.56
4848.53
21150.55
1043.07
5375.53
19175.51
19516.37
1717.64
15768.16
21773.52
4859.11
10245.55
30250.88
28292.44
7290.33
14017.97
8224.74
22464.66
11617.31
27967.31
11695.28
27714.96
19504.04
24865.22
27535.89
12802.76
30013.54
8832.33
10132.59
6079.80
1323.50
25282.26
23920.73
20638.11
19404.62
10033.38
8818.55
18724.10
7620.99
12010.88
28309.75
17315.17
3870.91
22334.39
18165.48
8798.01
11248.47
38081.32
8871.80
27199.58
22301.35
24325.70
21922.68
26585.07
28652.57
15874.95
16809.02
16913.99
15181.14
5063.65
13181.41
17525.28
8204.05
2724.20
34866.10
2253.88
9443.82
23378.00
1787.73
6490.01
19854.12
26536.46
7936.52
18189.28
19516.70
24762.48
7287.61
9680.94
11516.39
10769.64
17150.14
10557.32
30534.17
13178.52
16157.50
13040.80
11157.41
12150.26
7400.90
29131.22
22557.07
5365.50
4548.65
7690.36
23309.61
16051.98
9596.39
11258.06
12889.25
3166.32
9835.48
34696.42
2198.61
13944.17
23233.15
23462.53
18817.00
8425.21
9535.20
7069.91
27879.87
3742.32
21180.21
30460.24
8628.67
6275.01
16238.36
22244.49
14024.25
15902.88
18314.19
28342.17
20642.09
5273.20
9298.22
13707.44
14288.15
19464.88
36460.92
6569.64
9113.59
12373.91
11069.94
16103.11
7105.52
26188.02
22898.91
7415.60
10628.83
21188.99
7399.30
7940.26
28320.30
23687.19
32299.17
17510.67
14913.22
27293.42
29967.20
7449.56
20150.60
17264.29
16130.81
17829.18
7981.07
22273.99
21625.73
35216.98
25937.25
24397.40
26243.95
17583.24
25507.40
2577.79
21288.80
15024.32
22317.97
23437.63
31973.09
19881.39
17563.12
7314.82
10045.25
11650.26
18108.42
14121.03
22905.38
9876.99
20761.83
11987.52
11017.35
18921.40
9039.16
15789.32
4782.44
8265.02
30405.11
14407.00
11079.52
21447.84
14440.20
27323.89
20839.92
33539.40
19019.57
18922.19
23411.96
11866.66
10689.38
18543.49
20246.62
10773.95
20749.76
21503.78
2521.50
18581.92
6559.02
27919.26
2942.77
1838.36
9761.19
3575.35
23915.14
8846.42
17379.15
11920.88
18721.56
3565.28
6462.69
13832.49
23230.46
13566.73
9260.12
31917.49
9403.36
26929.31
12169.10
7983.09
11208.24
21848.63
27726.88
8248.06
12136.80
26096.85
20214.73
10192.82
32797.16
7539.01
19277.14
9827.86
12558.23
23296.20
24882.31
23141.06
27087.44
13787.98
15802.23
11574.59
25714.46
30295.51
23752.27
19517.90
8312.81
2540.89
16572.66
9234.47
1151.17
10457.87
20486.73
19558.27
22365.82
20754.06
4203.28
13088.54
20925.40
23490.54
18420.72
5007.23
24277.03
18307.23
6624.75
13940.37
13853.49
8897.40
9304.46
10928.61
15275.79
18149.34
19573.20
23840.60
12441.62
6641.01
18284.76
21237.34
7943.19
11005.64
14422.66
25915.80
16994.87
19464.82
4572.28
14385.42
5591.12
11493.85
10029.77
19380.84
7162.29
21515.09
31943.09
15687.02
13391.75
5416.87
23942.71
4637.16
25011.84
10064.16
24434.00
13602.41
17017.73
25873.60
27591.46
27082.78
17490.93
33046.56
12169.22
20984.76
4543.20
15846.57
29066.22
12528.39
10189.98
18827.00
15765.17
19880.37
17500.29
8902.51
24303.15
19353.81
8192.11
10127.47
31309.88
14099.17
16491.18
7465.75
5675.37
20797.50
25382.25
24283.90
16443.76
22694.27
11650.23
4445.85
13904.75
26803.36
11301.51
10363.33
10619.91
11953.72
26065.43
9909.63
27862.09
23466.15
25911.12
23347.60
8808.34
10140.45
8747.48
21386.40
2926.91
18620.00
9431.03
4869.51
18506.28
11634.89
15114.47
20802.73
26712.36
6942.57
11704.77
15664.48
15034.21
23891.13
18012.05
27146.93
985.18
16566.85
25140.15
21616.37
4037.22
9247.76
9782.19
13828.68
9417.91
27087.21
4561.25
24771.35
22434.31
8034.91
20959.38
14929.71
21187.49
13391.88
9762.44
18329.81
15303.79
31243.00
14766.25
18805.98
8194.96
19433.17
13497.48
8225.16
5231.73
9999.86
12600.82
2418.47
14390.84
16937.81
25182.53
7349.98
24404.71
1379.84
14870.33
27815.41
9334.29
19107.86
27161.22
19311.11
8427.52
17940.11
17663.57
900.47
20779.29
26898.32
18191.38
10501.49
20333.60
11215.78
25816.29
14965.82
31593.49
29209.12
5447.43
25046.59
11689.53
14218.50
27105.05
10908.22
27339.50
6780.52
27926.25
21265.98
26017.52
17966.91
12837.59
11066.04
5427.51
15795.47
20553.49
18494.67
325.34
5664.99
18321.92
12928.78
22124.93
21001.65
28439.33
26236.37
13362.79
29781.64
23021.70
7115.70
23253.41
28991.26
20255.34
20486.05
23278.51
13847.28
22969.76
14542.96
28257.28
9520.18
28335.71
23524.53
38003.97
23307.77
18262.40
5443.28
16159.04
31982.06
2758.04
15937.52
12799.24
24301.45
17821.03
14675.69
18692.07
22473.83
5916.48
1487.40
15023.00
30655.46
17523.42
27777.95
11771.99
3919.33
17745.12
24242.41
26472.53
21837.73
19268.74
20155.74
23556.81
19671.08
21046.72
7663.60
15914.28
8889.55
10583.08
15819.65
18138.41
37393.79
4067.92
4028.69
14649.74
11453.09
18914.56
3735.00
23698.00
9262.13
28352.65
25578.12
16256.61
13662.79
8591.01
26249.35
9848.86
19468.18
18243.29
27931.76
10987.23
21812.97
12234.66
6687.26
11321.93
23178.93
15442.69
2598.77
12759.67
19453.54
7816.78
5776.05
10498.44
9692.23
20467.35
18906.24
4114.85
36570.02
2850.40
19876.17
21638.33
27249.35
18261.11
26438.65
28216.17
24977.87
13436.56
18836.49
8635.45
10514.99
23293.61
10536.84
15316.77
18686.76
4212.72
24509.68
23534.84
7832.85
8434.30
22789.30
23382.39
28255.33
5186.54
16970.68
16493.86
7566.22
11104.15
21867.53
2256.20
524.11
9308.61
26415.79
14658.71
10694.03
12818.92
1579.92
13510.98
20978.36
17346.90
10667.07
32363.18
20746.72
11090.99
6860.61
13211.95
2417.33
12355.08
24392.67
14477.69
30690.77
12193.93
5248.06
15705.77
10631.32
832.01
8865.13
21030.04
23431.37
16206.93
15841.21
29337.92
15425.91
6944.91
10497.57
16132.22
22115.29
27134.83
11640.83
26142.39
26750.46
22457.07
23030.02
17503.54
15015.67
23073.92
15872.85
18424.95
27216.60
17254.72
13801.84
25331.27
8327.46
19564.85
6468.67
11247.68
15314.68
6406.11
11566.33
17079.33
17161.17
966.67
21024.12
8633.09
6564.69
17535.43
15546.73
17837.85
4627.70
4821.57
7317.27
25001.97
16624.01
10857.58
6742.73
17962.43
15042.11
8518.27
9659.54
8955.75
6230.89
15027.06
7394.95
3262.03
22080.65
23495.92
26233.56
19637.27
13107.50
17047.70
27034.70
28710.83
22609.24
23769.71
24957.43
14495.12
12522.58
5484.97
19400.96
11750.84
11892.55
7756.72
27387.25
8834.15
14614.57
7382.29
2300.10
29493.22
13391.51
17468.26
4231.02
32704.60
11453.67
14825.66
12831.93
20145.63
9865.75
22456.34
28081.84
17345.02
17902.88
21091.26
19892.21
20048.37
7007.02
18010.27
28259.17
19172.58
14384.15
6014.65
18127.75
13824.03
15435.19
12052.12
7012.60
13130.57
11363.00
5126.45
24740.13
16897.13
22998.17
13345.54
26834.52
2412.95
17039.78
9339.49
21751.19
30612.69
16057.62
24725.35
5428.36
24527.77
24993.53
8144.30
20121.76
20028.02
7896.30
16732.91
21587.57
12889.57
16111.56
20144.61
8985.43
1892.30
12902.62
24430.61
16081.51
19627.19
27320.50
19776.34
20559.77
26489.54
4417.39
509.47
11468.63
11629.20
21903.97
9707.22
13684.15
7403.02
4233.28
28168.93
16538.60
30488.08
4358.06
3201.90
23588.20
25549.39
11023.75
20497.88
4851.20
12718.04
3904.43
14150.90
20031.84
27294.87
19635.46
12262.52
37316.92
15364.42
5681.48
17703.85
27420.76
23511.65
20071.50
18833.65
19299.86
13477.15
25802.89
6521.80
7766.66
11377.00
24531.48
13374.06
22171.07
1820.64
10258.89
11362.70
27954.37
9738.22
11596.62
8020.57
25556.70
7488.88
21724.65
21639.06
19181.23
26095.66
22281.98
23379.18
21166.42
30577.81
10577.47
6655.41
11242.93
1899.70
29225.54
16712.16
696.40
5692.61
14710.10
11581.15
22766.96
9798.96
17282.57
19834.03
11904.97
15818.70
15394.38
15757.24
16527.26
20905.32
14159.63
8887.45
11364.81
15048.45
14806.66
18401.59
17753.76
6510.56
17352.64
19621.22
22305.47
28666.33
13995.46
29241.87
16325.60
26240.11
9460.60
26979.28
11287.93
19810.94
7590.38
13218.61
16563.88
10298.92
22097.12
16708.86
15890.79
25106.65
7373.36
21542.47
25331.44
26923.16
8150.32
15028.66
22120.83
24775.30
23796.68
16609.09
7412.49
27299.54
19845.13
1205.27
360.25
6728.41
9987.65
18853.79
18301.67
15592.92
20591.83
6949.27
18641.17
5110.33
13732.80
10171.94
23865.28
20298.52
10312.00
9343.37
23326.67
3270.58
10142.93
23106.34
25163.80
24184.70
28732.80
28983.76
17863.65
15872.87
19725.18
16039.93
16504.16
8555.41
13322.85
7477.27
15198.89
19435.49
16579.18
10482.53
22013.56
8135.37
4706.82
9638.79
16432.03
30888.98
18132.56
20799.92
26701.52
25892.13
24419.40
12898.30
19521.37
25249.89
21173.75
23983.74
33746.75
18305.42
16891.19
13586.37
19410.67
19040.09
20505.24
25248.01
7137.49
21579.50
11059.49
21001.14
13807.42
30201.97
16716.97
980.70
20337.81
4446.67
15125.80
12094.22
13431.02
18984.98
6736.72
30341.48
9888.77
1879.83
28250.15
16503.08
7055.95
13012.43
22210.60
15222.27
9230.71
7617.64
10268.61
2334.27
2914.60
26980.03
7514.55
6745.27
21688.38
31331.59
10408.16
4809.07
11269.06
10335.42
32923.12
22132.11
26779.75
13870.70
29300.38
3605.60
18356.47
9728.05
29823.32
23999.94
27732.42
22194.81
11246.70
15067.87
12756.18
22839.46
19262.52
11769.67
16483.46
24767.10
23001.39
21621.69
14567.00
5365.64
25494.19
10608.29
19347.28
