0
0
0
0
0
0
0
0
0
0
0
0
0
0
0
0
0
0
0
0
0
0
0
0
0
0
0
0
0
0
0
0
0
0
0
0
0
0
0
0
0
0
0
0
0
0
0
0
0
0
0
0
0
0
0
0
0
0
0
0
0
0
0
0
0
0
0
0
0
0
0
0
0
0
0
1
0
0
0
0
0
0
0
0
0
0
0
0
0
0
0
0
0
0
0
0
0
0
0
0
0
0
0
0
0
0
0
0
0
0
0
0
0
1
0
0
0
0
0
0
0
0
0
0
0
0
0
0
0
0
0
0
0
0
0
0
0
0
0
0
0
0
0
0
0
0
0
0
0
0
0
0
0
0
0
0
0
0
0
0
0
0
0
0
0
0
0
0
0
0
0
0
0
0
0
0
0
0
0
0
0
0
0
0
0
0
0
0
0
0
0
0
0
0
0
0
1
0
0
0
0
0
0
1
0
0
0
0
0
0
0
0
0
0
0
0
0
0
0
0
0
0
0
0
1
0
0
0
0
0
0
0
0
0
0
0
0
0
0
0
0
0
0
0
0
0
0
0
0
0
0
0
0
0
0
0
0
0
0
0
0
0
0
0
0
0
0
0
0
0
0
0
0
0
0
0
0
0
0
0
1
0
0
0
0
0
0
0
0
0
0
0
0
0
0
0
0
0
0
0
0
0
0
0
0
0
0
0
0
0
0
0
1
0
0
0
0
0
0
0
0
0
0
0
0
1
0
0
0
0
1
0
0
0
0
0
0
0
0
0
0
0
0
0
0
0
0
0
0
0
0
0
0
0
0
0
1
0
0
0
1
0
0
0
0
0
0
0
0
1
1
0
0
0
0
0
0
0
0
0
0
0
0
0
0
0
0
0
0
0
0
0
0
1
0
0
1
0
1
0
0
0
0
0
1
0
0
0
0
0
0
0
0
1
0
0
0
0
0
0
0
0
0
0
1
0
0
0
0
0
0
1
0
0
0
0
0
0
0
0
0
0
0
0
0
0
0
0
1
0
0
0
0
0
0
0
0
0
0
0
1
0
0
0
0
1
0
0
0
0
0
0
0
0
2
0
0
0
0
0
0
0
0
0
0
0
0
0
0
0
0
0
0
0
0
0
0
0
0
0
0
0
0
0
0
0
0
0
0
0
0
0
3
0
0
0
0
0
0
0
0
0
0
0
0
0
0
0
0
0
0
0
0
0
0
0
0
0
0
2
0
0
0
0
0
0
0
0
0
0
0
0
1
0
0
0
0
0
0
0
0
0
0
1
0
0
0
0
0
0
0
0
0
0
0
0
0
0
0
0
0
0
1
0
0
0
1
0
0
0
0
0
0
0
1
0
0
0
0
0
0
0
0
0
0
0
0
0
0
0
0
0
0
0
0
0
0
1
0
0
0
0
0
0
0
0
0
0
0
0
1
0
0
0
0
0
0
0
0
0
0
1
0
0
0
0
0
0
0
0
0
0
0
0
0
0
0
1
0
0
0
0
0
0
0
0
0
0
1
0
0
0
0
0
0
0
0
1
0
0
0
0
0
0
0
0
0
0
0
1
0
0
0
0
0
0
0
0
0
0
0
0
0
0
0
0
0
2
0
0
1
0
0
0
0
0
0
0
0
0
0
0
0
3
0
0
0
0
0
0
0
0
0
0
0
0
0
0
0
0
0
0
0
0
0
0
0
0
1
0
0
0
0
0
0
0
0
0
0
0
0
0
0
0
0
0
0
0
0
0
0
0
0
0
0
0
0
0
0
0
0
0
0
0
0
0
0
0
0
0
0
1
0
0
0
2
0
0
0
0
0
0
0
0
0
1
0
2
0
0
0
0
0
0
0
0
0
0
0
0
0
0
1
1
0
0
1
0
0
0
0
0
1
0
0
0
0
1
0
0
0
0
2
1
0
0
0
0
0
0
0
0
0
0
0
0
0
1
0
0
0
1
0
0
0
0
0
0
0
0
0
0
0
0
2
0
0
0
0
0
0
0
0
0
1
0
0
0
1
0
0
0
0
0
0
0
0
0
0
0
0
0
0
0
0
0
0
0
0
0
0
0
0
0
0
0
0
0
0
0
0
1
0
0
0
0
0
9
0
0
0
0
1
0
0
0
1
0
0
1
0
0
0
0
0
0
0
0
0
0
1
0
0
0
0
2
0
0
0
0
0
0
1
0
0
0
0
0
0
0
0
0
1
3
0
0
0
0
0
0
0
0
0
0
0
0
0
0
0
0
0
10
1
0
0
0
0
0
0
0
0
0
0
1
0
0
0
0
0
0
0
0
0
0
0
0
0
1
0
1
0
0
1
1
0
0
0
0
1
0
4
0
0
0
0
0
0
0
1
0
0
0
0
0
1
0
0
1
0
0
0
0
0
0
0
1
0
0
0
2
2
0
0
0
0
0
0
0
0
0
0
0
0
0
0
0
0
0
0
0
0
0
0
0
0
0
0
0
0
0
0
0
0
0
0
0
0
0
0
0
0
0
0
0
0
0
0
1
0
1
0
0
0
0
0
0
0
0
1
0
0
0
0
0
0
1
0
0
0
0
0
0
1
0
0
0
0
0
0
1
0
1
0
0
0
0
0
0
0
0
0
0
0
1
0
0
0
0
0
0
0
0
2
0
0
0
0
0
0
1
0
0
0
0
0
1
0
0
0
0
0
0
0
0
0
0
1
0
0
0
0
0
0
0
0
0
0
0
1
0
0
0
0
0
1
0
0
0
0
1
0
0
1
1
0
0
0
0
0
0
0
0
0
1
0
2
0
0
0
0
2
0
0
0
0
1
0
0
0
0
0
0
0
1
0
0
0
0
0
0
0
1
0
0
0
0
0
0
0
1
0
1
0
0
0
0
0
0
0
0
0
0
0
0
0
0
0
0
0
1
0
0
0
1
0
0
0
0
0
0
0
0
0
1
0
0
6
1
0
0
0
0
0
0
0
0
0
0
0
0
0
0
0
0
0
0
0
0
0
0
0
0
0
0
0
0
1
0
0
0
0
1
0
0
0
0
1
0
0
0
0
0
0
0
0
1
0
1
0
0
0
0
0
0
2
0
0
0
0
0
0
0
0
0
0
0
0
0
0
0
2
0
0
0
1
0
0
0
1
0
0
0
0
1
0
3
1
1
0
0
0
0
0
2
3
0
0
1
0
1
0
0
2
0
0
0
0
0
0
0
0
0
0
0
0
0
0
3
1
0
0
0
2
3
1
1
0
0
0
1
0
0
1
0
1
3
0
0
0
0
0
0
0
0
0
0
0
0
0
0
0
0
2
0
0
0
0
0
0
3
0
0
0
0
0
0
0
1
0
2
0
0
0
0
0
1
0
0
1
0
0
0
0
0
1
0
1
0
0
1
0
0
0
1
0
0
0
0
0
0
0
0
2
0
0
2
0
0
0
0
0
1
0
1
1
0
0
0
0
0
0
0
0
0
2
0
2
0
0
0
0
0
0
0
0
0
0
0
3
0
0
0
0
0
0
0
0
1
0
0
1
3
6
1
0
0
0
0
0
0
2
0
0
0
0
0
0
0
4
0
1
0
0
1
0
0
0
0
0
5
0
0
0
2
0
0
0
0
0
8
0
4
0
0
0
0
1
0
0
1
0
1
2
1
0
0
0
0
3
0
0
0
2
0
0
0
2
0
1
0
0
0
0
1
4
0
0
1
0
0
0
1
0
0
0
1
0
0
0
0
0
0
0
0
0
0
0
0
0
1
0
0
0
2
0
0
1
0
0
0
0
1
0
0
0
0
0
0
3
1
1
0
0
0
0
0
5
1
0
0
0
0
0
0
1
0
0
0
1
0
0
0
0
0
0
0
0
0
0
0
1
1
2
0
0
0
0
0
0
0
0
0
0
0
0
0
1
0
0
0
1
0
0
0
0
0
0
0
1
0
0
0
0
0
0
0
0
1
0
3
0
0
2
0
0
0
0
0
2
0
0
0
2
0
0
0
0
0
1
1
0
1
1
0
0
0
0
0
0
0
0
0
0
0
2
0
0
3
1
0
0
1
0
1
1
0
0
2
4
0
0
0
0
0
0
0
0
0
0
0
2
0
0
0
2
1
1
1
0
0
0
0
0
0
0
0
0
0
1
0
0
0
1
0
0
5
0
2
0
0
1
0
0
0
0
0
0
0
0
0
0
0
1
0
0
0
0
0
1
0
0
0
0
9
1
0
0
1
0
0
0
0
0
0
5
0
0
0
1
3
0
0
0
0
0
0
0
1
0
1
0
0
0
0
0
0
0
0
1
0
0
1
0
0
0
1
0
0
0
9
0
3
1
1
0
1
9
0
0
0
0
0
0
0
0
1
3
0
2
1
0
0
2
1
0
1
0
1
1
0
0
0
0
0
0
1
0
0
0
0
0
0
0
0
2
0
0
4
0
3
3
0
2
2
0
0
0
0
0
0
0
0
0
0
1
0
2
1
0
0
0
5
0
0
1
3
0
1
0
0
0
0
2
0
1
1
0
0
0
0
0
0
0
5
0
0
0
0
0
0
0
0
0
0
3
0
0
0
5
1
1
0
0
1
0
0
0
0
0
0
0
0
1
1
0
0
0
4
0
0
0
0
0
0
0
0
4
0
5
0
0
1
0
0
6
0
0
0
0
0
0
0
0
0
2
6
0
0
0
0
0
1
0
0
0
3
0
0
0
0
0
0
0
0
2
0
0
5
0
3
0
1
0
2
0
0
0
0
3
0
0
0
4
1
0
1
0
0
0
2
0
0
0
0
10
0
0
0
0
0
0
0
0
0
0
0
1
1
0
3
0
0
0
2
7
0
0
0
2
6
0
0
2
4
3
0
0
0
0
2
0
0
7
0
0
0
2
3
0
1
0
0
0
0
0
0
1
0
1
0
0
3
1
1
2
0
0
0
0
0
0
0
3
0
1
1
0
2
0
1
1
0
0
0
0
0
0
2
0
1
0
0
0
0
1
1
0
0
1
0
0
0
0
0
0
0
4
0
0
0
4
2
2
9
1
2
0
0
0
0
0
0
0
0
0
1
0
0
2
0
0
0
2
0
0
0
0
0
1
0
1
2
0
0
0
3
0
0
1
2
2
1
0
0
7
0
0
1
0
0
0
7
1
0
1
0
0
1
0
1
2
0
0
0
0
0
0
0
0
0
0
0
0
7
0
0
0
3
0
4
0
0
2
0
0
4
0
2
0
0
0
0
2
0
1
0
0
0
6
0
2
0
3
0
1
0
0
0
0
1
0
0
0
0
0
1
0
2
2
0
3
0
0
0
0
0
0
0
0
0
1
2
1
0
0
1
1
0
0
1
0
2
1
0
1
1
0
0
0
1
0
0
0
3
1
0
0
0
0
20
0
0
0
6
0
1
0
0
0
2
13
18
0
2
0
0
0
0
0
0
0
0
2
0
0
0
0
0
9
0
0
0
0
1
0
0
0
2
0
17
0
0
1
3
0
0
5
4
0
0
5
1
0
3
9
1
0
0
0
0
0
0
1
0
2
3
0
0
3
0
0
1
0
0
1
1
5
0
0
0
0
4
0
0
0
0
1
0
0
0
0
0
0
2
0
0
0
0
2
0
1
0
0
0
0
0
0
2
1
0
4
0
0
0
0
1
0
0
0
2
0
0
0
5
0
0
0
0
1
0
0
0
0
0
0
0
0
15
1
0
0
0
0
0
0
0
0
0
0
8
0
0
0
2
2
4
0
1
1
2
0
0
1
0
0
0
0
0
0
0
0
0
2
0
0
0
4
0
0
10
0
0
0
0
0
2
2
0
0
2
1
0
3
0
1
0
4
0
0
2
0
1
0
1
12
0
0
0
15
4
0
1
3
1
0
0
0
0
1
0
0
0
0
2
11
0
6
0
0
4
0
0
0
0
1
0
8
5
1
0
2
2
1
0
0
3
0
1
1
2
0
0
6
1
0
0
0
3
1
0
3
0
3
0
1
0
1
0
0
0
5
0
0
0
0
6
0
0
3
6
0
0
2
1
1
0
1
0
0
1
0
2
0
0
0
1
0
5
5
1
0
0
0
0
0
7
0
0
2
0
4
5
0
5
0
1
0
0
0
1
0
0
0
0
16
0
0
0
2
1
9
2
1
0
0
3
0
0
0
0
0
1
0
0
0
2
0
0
0
0
0
1
1
0
1
1
1
0
0
1
0
0
0
1
0
2
1
1
2
2
0
7
2
5
0
1
2
0
0
0
0
0
1
0
0
3
14
0
2
4
0
0
0
17
0
0
0
17
1
0
0
2
0
0
1
0
2
1
0
0
4
0
0
1
1
2
1
3
3
0
3
9
2
0
0
0
4
0
0
3
15
1
0
0
1
0
0
0
0
3
0
0
1
0
19
0
0
2
0
0
1
0
3
2
1
4
0
1
0
2
0
2
2
0
0
2
2
0
0
27
1
3
2
3
0
0
0
1
0
16
1
0
2
0
0
10
3
0
2
2
0
0
1
1
0
2
0
0
3
1
0
0
0
0
0
1
1
0
0
1
1
0
0
0
0
0
0
3
3
0
0
2
0
0
0
1
0
2
0
0
0
1
0
0
1
0
1
1
0
0
1
0
0
3
0
8
0
0
0
0
0
0
3
2
24
0
1
0
1
0
1
0
0
0
7
1
1
0
0
0
0
0
3
0
0
0
0
0
0
0
12
1
9
1
5
0
0
0
0
2
0
2
0
2
0
28
2
11
1
0
0
3
1
0
0
1
6
0
0
0
2
1
41
0
1
1
3
0
1
0
0
14
1
2
0
3
1
2
2
11
0
0
3
0
0
1
1
0
0
0
1
0
1
1
3
9
0
1
1
1
2
0
10
0
1
0
0
0
28
1
1
3
20
0
1
0
0
0
0
0
0
0
0
0
0
0
0
2
0
4
1
9
0
0
0
0
0
2
0
13
1
0
14
0
1
5
0
0
1
1
0
0
0
2
0
1
1
1
0
0
0
0
0
0
1
8
0
0
0
6
1
4
0
25
0
13
0
0
1
54
4
10
3
0
0
3
8
7
3
0
0
1
0
4
0
0
0
0
0
0
0
4
5
0
0
0
0
0
0
0
0
0
2
0
3
1
3
1
4
10
0
17
1
1
1
1
3
2
2
3
0
1
3
0
0
0
0
2
4
15
2
0
0
0
0
1
0
3
4
8
0
5
12
2
0
1
0
1
0
0
3
25
0
0
0
0
3
35
2
0
0
0
12
0
3
0
0
1
1
8
11
7
4
0
1
20
0
1
1
0
2
1
0
0
1
9
0
1
19
4
0
0
1
3
11
0
2
0
0
3
0
0
1
3
0
2
2
7
0
0
1
6
3
28
2
1
6
0
0
0
1
5
46
21
0
9
0
1
5
10
1
0
0
0
5
20
0
0
0
2
2
1
0
1
0
6
24
0
1
1
0
0
6
66
0
1
0
0
0
0
0
0
0
48
1
3
0
1
16
4
0
0
0
0
0
5
0
1
9
1
1
4
4
0
0
0
8
1
0
0
0
74
0
17
0
4
0
0
1
4
0
0
1
44
5
1
0
3
1
0
1
26
0
1
6
0
6
5
7
96
117
0
9
0
0
2
0
0
0
0
2
4
0
6
0
0
0
4
9
0
0
1
6
0
1
0
26
16
2
0
0
0
1
0
0
0
7
0
7
5
1
3
0
0
0
0
0
0
1
1
0
13
0
0
69
0
0
0
0
0
0
30
7
79
0
20
3
0
1
1
3
2
0
3
2
29
0
1
1
6
1
1
0
7
1
2
7
2
0
0
48
0
0
0
1
4
0
0
0
2
0
0
1
0
0
0
1
0
0
6
0
8
1
0
0
0
0
0
10
6
50
21
3
0
1
0
0
2
0
0
0
12
0
0
5
1
0
2
7
0
0
0
0
0
1
3
24
0
23
0
0
0
18
0
0
0
1
1
0
3
14
0
3
0
0
0
0
0
0
2
151
55
0
1
0
0
42
0
0
1
0
0
1
1
1
2
0
0
1
5
4
6
26
3
1
9
0
9
0
2
4
0
0
2
0
0
3
9
0
0
1
0
19
0
0
0
3
10
0
0
0
12
0
0
0
0
1
2
0
12
12
4
18
5
0
151
0
138
0
11
165
0
8
2
1
42
7
0
0
12
0
0
123
107
0
0
2
0
1
8
30
0
0
0
0
2
33
0
0
0
37
0
0
1
3
4
61
262
0
106
1
0
0
273
1
0
0
0
0
22
0
2
8
1
0
4
5
0
0
0
0
0
0
0
2
7
3
0
26
0
3
221
0
0
4
0
2
5
0
0
0
0
1
23
66
0
1
0
0
0
0
0
0
6
1
10
0
0
105
10
1
1
0
0
0
1
0
0
0
0
2
5
1
6
1
10
0
1
4
2
1
1
85
160
2
216
2
1
0
2
271
1
0
34
0
0
0
0
58
4
9
0
0
4
0
101
3
1
14
169
0
0
0
6
2
0
18
0
0
0
284
366
7
0
9
1
0
8
0
1
359
286
4
1
0
0
0
0
0
0
0
2
0
0
26
0
0
0
107
92
4
0
4
4
6
0
392
0
5
0
0
258
0
29
0
16
0
0
44
261
67
0
0
0
0
0
0
4
6
1
0
0
3
7
0
383
238
2
1
0
2
20
33
0
104
0
0
1
1
10
2
349
0
0
0
8
0
1
1
0
0
3
0
0
1
0
2
7
0
0
246
3
442
0
0
1
3
37
271
112
0
161
1
0
4
0
1
1
0
4
2
0
28
13
1
0
2
6
0
0
34
0
6
1
14
350
0
0
0
1
430
0
0
83
0
476
0
0
0
9
0
0
13
0
6
0
0
3
7
0
0
0
0
0
13
0
0
0
0
0
1
0
347
0
0
220
0
1
0
0
1
6
30
324
339
86
5
0
563
3
0
513
0
96
1
1
0
85
13
0
0
4
1
1
0
0
2
0
77
1
6
1
40
0
1
508
2
5
0
470
1
0
0
465
0
0
137
0
0
429
4
0
0
0
1
46
2
377
548
200
397
670
0
90
0
2
515
0
275
0
11
867
0
0
1
1
11
369
0
9
606
34
13
0
104
1
0
4
54
672
9
1
452
106
8
0
13
4
434
1
2
1
566
1
0
307
0
0
33
511
0
293
0
2
0
751
34
99
0
762
0
280
278
0
7
0
1
0
0
0
0
0
0
168
2
0
4
352
4
274
667
2
4
468
0
5
187
3
0
802
0
695
0
1
0
1
0
0
0
1
0
0
0
875
0
165
663
1
33
575
1
0
0
0
7
4
1
1
0
0
0
396
356
366
720
0
0
1
1
0
0
0
800
0
0
0
0
321
0
0
869
0
4
81
754
769
133
0
666
0
0
750
790
9
8
3
10
0
0
0
170
410
0
0
2
535
0
219
0
724
0
311
469
0
0
49
277
0
0
0
857
494
1
0
0
0
0
114
1
462
2
0
10
1
0
839
426
0
3
263
768
703
972
0
0
0
0
0
701
367
1000
0
0
3
1
271
314
0
5
0
55
885
427
218
0
236
0
0
1
0
2
168
2
401
2
1086
0
10
3
2
0
691
776
0
450
1
0
997
689
0
0
0
2
0
0
0
768
485
0
3
0
1073
0
1124
0
410
0
0
931
649
0
281
341
491
0
0
134
2
0
69
0
864
1
4
0
0
215
0
0
1
0
0
1
938
0
0
61
480
0
0
435
750
0
778
979
0
288
0
5
0
0
0
2
662
1
0
1
1001
0
0
701
907
2
1017
472
0
0
4
984
1
2
1071
1
0
589
693
0
0
361
0
1121
0
1162
0
1
4
0
0
3
0
436
0
0
32
0
0
454
0
0
1
1120
2
0
1
281
549
0
1247
0
1
90
0
1119
275
554
295
1
3
0
0
306
0
639
61
1
4
0
17
0
0
0
465
0
0
10
594
98
0
746
0
0
0
1056
0
948
0
385
0
869
1215
0
806
511
0
863
850
2
1
993
237
120
0
0
392
4
0
1105
1274
5
140
0
732
2
714
251
3
273
0
520
1
0
4
0
1
1082
0
834
0
1328
954
1
254
34
13
1
1214
1046
1
459
658
108
130
738
0
647
604
0
0
0
535
0
1095
0
401
693
602
231
0
1
535
0
121
0
0
952
0
430
0
0
0
1
7
1
1
431
4
166
0
3
666
0
0
0
0
0
0
0
0
1170
520
695
0
0
1
520
652
2
1146
926
587
0
2
813
101
0
1364
1086
0
1
1
264
238
0
1168
0
1313
789
225
48
1414
0
0
1
0
1453
121
763
1250
0
0
0
91
490
1
488
362
1
1410
1029
1
1401
1
1084
0
3
0
1
386
977
0
359
0
0
0
0
1102
0
0
3
1
1241
432
0
1088
472
0
114
939
0
0
1
0
0
796
825
0
3
1
334
1
994
0
1134
892
0
1
292
942
0
1
340
0
0
0
0
1
9
351
0
0
2
815
0
0
411
1
0
0
249
426
0
0
0
1294
132
4
1096
0
0
231
1
0
0
725
801
2
14
4
1090
1321
0
1099
1
0
3
0
0
0
366
17
0
10
11
660
0
0
0
126
0
18
0
895
0
377
1152
661
172
0
1
1481
0
289
0
0
870
0
369
0
1
630
83
957
0
401
258
810
1
0
0
2
6
1083
0
620
418
0
0
1474
1
197
0
0
1417
786
0
0
946
0
1
353
1254
0
49
235
1
0
1
311
0
4
684
1098
1
1468
247
81
1401
1203
684
1
0
0
0
0
0
1469
3
615
1376
0
0
1242
1297
0
0
0
0
0
17
0
1186
664
1259
1
0
0
3
581
770
1557
583
807
0
0
1142
825
42
99
1565
1237
1375
0
522
989
292
1499
1584
1
360
0
0
0
1367
515
0
1325
0
0
0
1191
113
252
0
127
368
1
1039
344
1201
927
0
0
385
0
1390
1038
0
637
1418
0
0
163
744
0
979
1111
1
668
1157
0
245
2
1
1405
1423
129
1397
0
1673
1503
0
0
0
0
1602
630
0
536
1307
0
3
9
691
0
0
3
523
686
0
769
878
279
1675
3
0
742
1
1
1
0
854
0
550
0
1358
71
439
1
0
343
695
33
5
0
0
1314
0
1404
1126
0
254
0
0
0
1007
1521
707
974
1483
0
830
1120
0
1075
302
954
303
0
1
437
924
1094
0
0
2
622
0
324
1709
419
918
896
124
1664
820
1
878
711
772
6
0
247
120
5
1512
0
362
0
187
0
0
1079
1
0
854
1343
0
0
0
0
102
4
0
0
0
406
2
177
0
868
0
1009
884
0
0
5
0
0
1
1677
0
1383
1
0
0
0
1547
178
0
84
1
424
559
1
0
0
1595
152
1
55
0
878
1401
1663
0
1
208
781
1054
1666
757
1
2
0
5
0
2
1062
1490
1635
1188
1599
0
888
0
2
0
0
756
1348
1348
0
0
3
772
0
0
0
0
1426
356
0
1698
417
568
578
2
1148
4
654
1680
0
0
1154
716
1049
758
2
1686
3
0
322
1
865
0
0
1758
550
0
395
1359
0
1259
0
0
1203
0
1
690
0
0
931
1
675
0
1340
0
1368
1079
958
0
0
1344
1143
0
1519
106
0
225
2
65
1426
1629
1286
122
0
1310
0
0
0
1
3
1140
0
288
0
901
0
0
1735
1055
98
3
0
1
1
1442
2
33
1
0
8
857
199
1574
1487
0
1046
0
0
1429
0
1257
871
881
136
0
215
0
747
170
0
1232
0
409
1412
0
469
1621
0
0
1319
1288
926
1124
0
1370
6
2
1
72
1
0
1
453
0
328
976
0
1540
1654
1651
735
240
1147
1129
1923
1628
1457
957
1481
878
0
0
1739
1128
0
1020
0
1875
2
0
0
7
1813
453
0
0
0
0
3
1089
330
84
115
0
0
920
37
0
1553
1185
889
780
780
126
1436
405
1
1295
1935
0
1389
46
0
0
654
525
1397
1449
0
1577
1642
209
0
0
723
1332
856
607
0
1525
0
962
105
1444
1
1652
125
915
1088
1517
602
3
1
867
527
0
85
143
2010
0
676
4
0
584
804
0
0
1639
0
1
0
1
819
0
662
186
0
1
153
0
2028
456
704
222
1922
1
0
2
1942
0
61
1
0
0
664
1893
0
0
447
419
1442
0
131
73
1673
1210
0
753
36
1
599
0
0
0
1486
1052
1362
1734
4
1176
191
1376
1532
6
46
1077
1
1736
0
0
568
1582
416
1
0
1363
1237
0
0
0
817
1096
1708
0
512
0
668
0
18
0
1389
1652
26
0
1322
0
234
1059
0
0
0
565
0
0
98
1195
1311
1842
932
103
0
1046
1220
385
919
1104
0
1444
0
72
0
0
0
1034
2066
1431
2103
0
420
0
1637
1971
0
714
0
0
2104
1630
2
0
1723
228
1018
131
246
546
451
1737
0
198
708
1486
0
1340
0
523
2065
3
1750
0
0
1938
1
0
0
0
0
1883
557
0
1561
1926
703
1723
2120
1365
629
1261
1
1622
35
155
1556
1333
851
784
838
1091
753
0
2100
1315
961
756
334
710
0
1551
250
983
559
1533
0
814
1530
0
538
61
1272
1135
1
1770
1161
1919
1
1667
0
1523
1
842
0
342
1684
188
3
0
1815
1
1665
902
1
0
478
598
1812
366
77
86
0
1248
1186
1959
142
0
0
1827
1009
0
439
0
0
1223
221
75
1293
1657
0
409
0
1527
412
1354
997
774
781
106
669
0
422
92
0
113
1596
2121
1300
1660
1802
2148
1174
0
1978
1
1742
0
1147
2122
2173
590
1553
712
678
2085
0
0
620
977
1228
1
230
698
0
1604
703
22
2181
1209
1946
1410
1633
101
0
155
2038
703
1258
0
0
152
0
318
0
2031
1731
902
1039
1470
1926
111
1937
0
2094
1584
1506
864
79
2179
1264
1771
0
1
2072
881
0
1312
592
1639
0
2228
2215
0
794
1938
1991
0
1255
0
1142
362
430
2247
455
1979
481
935
1661
0
1123
438
207
1301
1183
1887
1916
725
1929
1192
0
1686
685
0
0
32
1
0
704
307
2091
3
486
1576
138
1702
1429
2085
97
652
0
244
1410
337
0
737
1112
1
834
1367
897
0
1236
541
1865
1332
71
1539
1121
927
1756
0
1008
0
28
1800
1850
747
1429
0
1656
105
1116
1508
1616
1088
905
2145
559
0
1202
1909
0
2189
0
1403
1920
852
0
1
954
3
519
405
1877
1355
992
2210
0
1977
0
1248
2281
743
0
0
155
1467
28
765
1195
0
0
1426
70
0
1792
1793
0
2301
62
319
1302
0
2233
0
809
590
0
411
2069
0
2313
1765
1735
0
0
1781
1926
6
2358
945
358
1397
556
0
2005
361
0
2104
1334
200
624
0
1220
0
1354
612
61
2006
0
1948
0
1744
471
628
2198
0
42
323
606
810
2208
0
0
1764
0
1221
1487
1106
1790
739
803
1920
506
766
904
0
1451
776
1267
0
2124
0
0
337
224
1151
0
582
501
0
2190
1945
1381
0
1544
1172
0
576
2329
1105
334
540
1594
735
2075
355
0
1788
958
0
837
133
816
1375
1741
903
468
781
835
376
1399
544
313
1308
1487
1103
409
1
1296
1867
2278
685
1996
1264
0
323
2425
1699
0
946
217
1908
381
0
662
729
1094
1675
0
2062
348
0
118
2235
2011
2289
1179
478
2267
755
0
1937
599
322
357
806
0
2066
1319
428
38
367
0
2124
967
2086
1507
1798
256
399
1437
1
2079
391
1375
1693
0
334
0
1547
878
1424
980
112
2230
0
342
1497
28
2373
4
2200
0
1
1145
2319
2392
857
1321
164
0
0
2225
1932
810
630
2011
0
448
683
2203
2242
305
2075
40
2073
2080
2236
1718
0
1626
110
1561
2008
302
0
1262
1906
1764
155
1032
1
1522
550
0
0
598
1088
2335
1610
2280
680
973
2471
0
716
1139
1248
1055
0
153
0
577
497
1457
1060
1332
408
222
1161
3
1
335
1946
2146
2271
0
0
2111
1959
1676
0
611
1320
1833
0
1914
0
357
2070
1256
2523
428
2077
1415
972
1639
293
0
1842
862
2214
2112
465
0
2321
2545
126
1157
0
2164
2145
53
1009
462
271
1776
193
550
386
1670
1823
1239
2050
2071
2335
340
2160
847
1402
1052
818
607
858
1718
0
2263
823
1
2448
1167
1951
2110
1393
2111
1056
2010
2209
63
1891
533
259
2178
0
41
571
0
2
2317
803
1514
2126
366
1865
659
8
2095
2039
1245
2356
1632
1474
2349
1
263
474
1181
2171
201
2304
2502
2573
936
159
0
633
1690
156
954
325
368
1707
1348
1582
488
116
264
1478
339
914
2196
836
2355
1238
0
852
1153
183
0
0
815
691
805
2583
143
581
1123
117
2433
2032
0
28
541
0
1689
1656
134
1270
20
1
1191
1543
1301
2538
271
0
459
1548
984
2232
1586
1727
2113
102
417
96
953
1937
2532
1701
1857
1072
497
2362
0
1542
869
3
1896
184
2084
123
0
1358
69
403
1734
308
0
167
1679
2596
757
2528
789
2601
900
1
1387
2323
556
614
1662
558
0
146
948
2143
1714
2559
0
2328
2303
149
2401
1076
1158
958
2438
2083
0
284
2312
0
1372
2598
29
1931
1632
2179
458
383
391
415
1183
1855
2512
794
788
1237
1522
1
204
2574
105
1509
2096
833
2070
1
2444
3
90
1213
1568
2352
63
930
419
2620
2391
1000
429
545
51
288
633
2057
2529
1639
1912
1396
1498
2194
45
785
1900
1201
223
0
109
2010
96
572
164
565
1802
1375
582
1354
1900
2288
2387
1402
1662
1399
1752
494
1219
1144
2462
740
526
1058
142
0
317
612
1770
2433
1856
1472
2090
295
2287
2274
188
1298
1354
1512
124
32
234
2063
88
1976
84
2435
404
1331
1724
2172
2137
1002
374
2371
95
935
0
764
2288
1940
0
1033
2008
1044
288
2202
1096
109
2568
1491
0
0
107
1481
1112
878
693
1715
720
939
519
996
1628
1576
423
0
55
768
1114
2673
1560
2679
1469
2144
1080
2411
95
272
1509
972
1873
2654
2001
1262
588
6
2611
302
752
547
2602
2418
944
1354
1850
1832
0
1773
1521
0
2113
907
2166
1848
1499
1502
2182
1298
0
1438
0
368
502
294
1990
1652
2499
2213
2478
2750
1924
181
2378
57
243
1699
2159
1895
1408
1950
927
0
2338
2119
0
1379
2323
540
144
1536
2706
2266
1304
2507
2445
125
2635
1059
1954
1872
1420
1406
1959
2190
1330
1512
0
415
2043
1212
2485
2267
1124
1127
1531
0
2533
1292
1981
2003
1100
2153
1599
183
0
615
2699
674
2675
893
2763
1394
626
0
2317
1239
1951
1
2053
366
543
2700
2534
1769
830
1958
953
1135
2750
673
858
919
1425
967
1922
685
263
0
2295
1134
1404
1308
868
2533
2431
2640
2002
2711
1589
1957
32
1122
1209
749
407
1272
913
613
357
2179
2166
975
2191
2578
0
1594
2449
955
400
710
1170
0
934
1939
1285
33
1479
699
1098
2586
0
896
2019
1782
18
0
2773
624
0
1602
2144
1183
1522
0
832
2034
765
163
1966
1642
1282
597
0
1745
969
2222
1751
1716
809
1145
2026
1123
954
2316
269
1274
1040
1720
1667
1392
659
1815
66
2439
1771
2794
807
390
984
1623
327
1728
569
2066
1638
59
672
2123
1058
957
466
1102
2401
2308
1932
1560
2508
1622
2417
1159
1599
1962
746
63
327
367
400
258
1814
2603
438
1341
120
1232
716
1257
176
1974
1304
623
1827
1227
1159
2721
2276
500
489
746
0
1531
1888
265
1394
328
1036
369
1627
344
2255
724
2224
1307
1974
610
1389
912
1946
2627
351
1729
115
867
0
2139
1222
2789
0
2219
2691
883
2318
2242
1151
2124
67
0
1832
1015
819
2598
2301
1827
514
1707
1218
249
2169
2151
409
2502
1977
489
943
2778
506
2110
2650
703
2707
1526
40
861
1735
2591
1940
54
1533
1632
1109
2540
461
2571
2350
1777
1162
1219
2319
247
2874
561
0
347
1455
780
0
896
1910
2294
24
1337
2438
260
2545
1404
2263
2525
348
2734
578
127
1857
1965
792
1652
360
1583
1569
2783
799
1
1120
1195
825
528
2655
1477
1799
1181
1263
687
1891
2259
2566
906
2328
1913
883
243
1252
14
1217
1843
281
1531
686
913
400
376
1670
2202
1944
2760
1947
379
2516
871
1624
758
2403
238
1400
2564
0
1717
1859
2317
2155
2610
2594
576
2043
1818
703
477
462
1871
757
2484
1637
1274
2509
889
326
1727
1506
2761
2681
1444
962
139
1561
1969
2688
141
2916
1355
1379
1469
1281
1317
2210
0
1860
72
991
2188
1353
659
2711
2285
2500
1092
211
2763
335
0
99
1225
27
364
2107
1596
433
2516
1745
2840
46
609
1691
568
2146
952
0
2793
678
1948
2084
2202
708
691
2465
2616
2219
1436
224
805
2711
1423
692
2396
411
2518
1362
2090
2071
564
280
601
1328
705
1084
2879
741
1195
1323
2187
1163
676
1712
2397
1103
2508
1575
880
2856
2304
1575
2329
1466
450
323
2807
290
1922
230
732
1247
801
2892
2734
1979
355
706
1231
395
2926
2848
2292
1008
2647
1014
2684
2832
974
1267
260
885
2882
800
2065
2704
842
1473
2951
257
480
2874
568
318
2070
54
2249
922
439
119
2957
806
212
2487
1272
612
2741
1033
2725
296
2153
523
2195
1191
731
95
838
499
2977
1038
1193
556
1257
352
1636
1167
2753
1923
1736
2100
722
310
768
2918
